Copyright 1986-2019 Xilinx, Inc. All Rights Reserved.
--------------------------------------------------------------------------------------------------------------------------------------------------------------------------------------------
| Tool Version : Vivado v.2019.1 (lin64) Build 2552052 Fri May 24 14:47:09 MDT 2019
| Date         : Thu Dec  5 18:43:52 2024
| Host         : IT-RDIA-NSH running 64-bit Ubuntu 24.04.1 LTS
| Command      : report_timing_summary -max_paths 10 -file VGA_TOP_timing_summary_routed.rpt -pb VGA_TOP_timing_summary_routed.pb -rpx VGA_TOP_timing_summary_routed.rpx -warn_on_violation
| Design       : VGA_TOP
| Device       : 7a100t-csg324
| Speed File   : -1  PRODUCTION 1.23 2018-06-13
--------------------------------------------------------------------------------------------------------------------------------------------------------------------------------------------

Timing Summary Report

------------------------------------------------------------------------------------------------
| Timer Settings
| --------------
------------------------------------------------------------------------------------------------

  Enable Multi Corner Analysis               :  Yes
  Enable Pessimism Removal                   :  Yes
  Pessimism Removal Resolution               :  Nearest Common Node
  Enable Input Delay Default Clock           :  No
  Enable Preset / Clear Arcs                 :  No
  Disable Flight Delays                      :  No
  Ignore I/O Paths                           :  No
  Timing Early Launch at Borrowing Latches   :  No
  Borrow Time for Max Delay Exceptions       :  Yes

  Corner  Analyze    Analyze    
  Name    Max Paths  Min Paths  
  ------  ---------  ---------  
  Slow    Yes        Yes        
  Fast    Yes        Yes        



check_timing report

Table of Contents
-----------------
1. checking no_clock
2. checking constant_clock
3. checking pulse_width_clock
4. checking unconstrained_internal_endpoints
5. checking no_input_delay
6. checking no_output_delay
7. checking multiple_clock
8. checking generated_clocks
9. checking loops
10. checking partial_input_delay
11. checking partial_output_delay
12. checking latch_loops

1. checking no_clock
--------------------
 There are 26 register/latch pins with no clock driven by root clock pin: BTNC (HIGH)

 There are 62 register/latch pins with no clock driven by root clock pin: core_inst/vga_timing/clk_div_reg[0]/Q (HIGH)

 There are 62 register/latch pins with no clock driven by root clock pin: core_inst/vga_timing/clk_div_reg[1]/Q (HIGH)


2. checking constant_clock
--------------------------
 There are 0 register/latch pins with constant_clock.


3. checking pulse_width_clock
-----------------------------
 There are 0 register/latch pins which need pulse_width check


4. checking unconstrained_internal_endpoints
--------------------------------------------
 There are 208 pins that are not constrained for maximum delay. (HIGH)

 There are 0 pins that are not constrained for maximum delay due to constant clock.


5. checking no_input_delay
--------------------------
 There are 15 input ports with no input delay specified. (HIGH)

 There are 0 input ports with no input delay but user has a false path constraint.


6. checking no_output_delay
---------------------------
 There are 14 ports with no output delay specified. (HIGH)

 There are 0 ports with no output delay but user has a false path constraint

 There are 0 ports with no output delay but with a timing clock defined on it or propagating through it


7. checking multiple_clock
--------------------------
 There are 0 register/latch pins with multiple clocks.


8. checking generated_clocks
----------------------------
 There are 0 generated clocks that are not connected to a clock source.


9. checking loops
-----------------
 There are 0 combinational loops in the design.


10. checking partial_input_delay
--------------------------------
 There are 0 input ports with partial input delay specified.


11. checking partial_output_delay
---------------------------------
 There are 0 ports with partial output delay specified.


12. checking latch_loops
------------------------
 There are 0 combinational latch loops in the design through latch input



------------------------------------------------------------------------------------------------
| Design Timing Summary
| ---------------------
------------------------------------------------------------------------------------------------

    WNS(ns)      TNS(ns)  TNS Failing Endpoints  TNS Total Endpoints      WHS(ns)      THS(ns)  THS Failing Endpoints  THS Total Endpoints     WPWS(ns)     TPWS(ns)  TPWS Failing Endpoints  TPWS Total Endpoints  
    -------      -------  ---------------------  -------------------      -------      -------  ---------------------  -------------------     --------     --------  ----------------------  --------------------  
      8.217        0.000                      0                    2        0.476        0.000                      0                    2        3.750        0.000                       0                  1203  


All user specified timing constraints are met.


------------------------------------------------------------------------------------------------
| Clock Summary
| -------------
------------------------------------------------------------------------------------------------

Clock        Waveform(ns)       Period(ns)      Frequency(MHz)
-----        ------------       ----------      --------------
sys_clk_pin  {0.000 5.000}      10.000          100.000         


------------------------------------------------------------------------------------------------
| Intra Clock Table
| -----------------
------------------------------------------------------------------------------------------------

Clock             WNS(ns)      TNS(ns)  TNS Failing Endpoints  TNS Total Endpoints      WHS(ns)      THS(ns)  THS Failing Endpoints  THS Total Endpoints     WPWS(ns)     TPWS(ns)  TPWS Failing Endpoints  TPWS Total Endpoints  
-----             -------      -------  ---------------------  -------------------      -------      -------  ---------------------  -------------------     --------     --------  ----------------------  --------------------  
sys_clk_pin         8.217        0.000                      0                    2        0.476        0.000                      0                    2        3.750        0.000                       0                  1203  


------------------------------------------------------------------------------------------------
| Inter Clock Table
| -----------------
------------------------------------------------------------------------------------------------

From Clock    To Clock          WNS(ns)      TNS(ns)  TNS Failing Endpoints  TNS Total Endpoints      WHS(ns)      THS(ns)  THS Failing Endpoints  THS Total Endpoints  
----------    --------          -------      -------  ---------------------  -------------------      -------      -------  ---------------------  -------------------  


------------------------------------------------------------------------------------------------
| Other Path Groups Table
| -----------------------
------------------------------------------------------------------------------------------------

Path Group    From Clock    To Clock          WNS(ns)      TNS(ns)  TNS Failing Endpoints  TNS Total Endpoints      WHS(ns)      THS(ns)  THS Failing Endpoints  THS Total Endpoints  
----------    ----------    --------          -------      -------  ---------------------  -------------------      -------      -------  ---------------------  -------------------  


------------------------------------------------------------------------------------------------
| Timing Details
| --------------
------------------------------------------------------------------------------------------------


---------------------------------------------------------------------------------------------------
From Clock:  sys_clk_pin
  To Clock:  sys_clk_pin

Setup :            0  Failing Endpoints,  Worst Slack        8.217ns,  Total Violation        0.000ns
Hold  :            0  Failing Endpoints,  Worst Slack        0.476ns,  Total Violation        0.000ns
PW    :            0  Failing Endpoints,  Worst Slack        3.750ns,  Total Violation        0.000ns
---------------------------------------------------------------------------------------------------


Max Delay Paths
--------------------------------------------------------------------------------------
Slack (MET) :             8.217ns  (required time - arrival time)
  Source:                 core_inst/vga_timing/clk_div_reg[1]/C
                            (rising edge-triggered cell FDCE clocked by sys_clk_pin  {rise@0.000ns fall@5.000ns period=10.000ns})
  Destination:            core_inst/vga_timing/clk_div_reg[1]/D
                            (rising edge-triggered cell FDCE clocked by sys_clk_pin  {rise@0.000ns fall@5.000ns period=10.000ns})
  Path Group:             sys_clk_pin
  Path Type:              Setup (Max at Slow Process Corner)
  Requirement:            10.000ns  (sys_clk_pin rise@10.000ns - sys_clk_pin rise@0.000ns)
  Data Path Delay:        1.493ns  (logic 0.713ns (47.765%)  route 0.780ns (52.235%))
  Logic Levels:           1  (LUT2=1)
  Clock Path Skew:        0.000ns (DCD - SCD + CPR)
    Destination Clock Delay (DCD):    4.927ns = ( 14.927 - 10.000 ) 
    Source Clock Delay      (SCD):    5.228ns
    Clock Pessimism Removal (CPR):    0.301ns
  Clock Uncertainty:      0.035ns  ((TSJ^2 + TIJ^2)^1/2 + DJ) / 2 + PE
    Total System Jitter     (TSJ):    0.071ns
    Total Input Jitter      (TIJ):    0.000ns
    Discrete Jitter          (DJ):    0.000ns
    Phase Error              (PE):    0.000ns

    Location             Delay type                Incr(ns)  Path(ns)    Netlist Resource(s)
  -------------------------------------------------------------------    -------------------
                         (clock sys_clk_pin rise edge)
                                                      0.000     0.000 r  
    E3                                                0.000     0.000 r  CLK100MHZ (IN)
                         net (fo=0)                   0.000     0.000    CLK100MHZ
    E3                   IBUF (Prop_ibuf_I_O)         1.482     1.482 r  CLK100MHZ_IBUF_inst/O
                         net (fo=1, routed)           2.025     3.506    CLK100MHZ_IBUF
    BUFGCTRL_X0Y16       BUFG (Prop_bufg_I_O)         0.096     3.602 r  CLK100MHZ_IBUF_BUFG_inst/O
                         net (fo=1202, routed)        1.625     5.228    core_inst/vga_timing/CLK
    SLICE_X52Y96         FDCE                                         r  core_inst/vga_timing/clk_div_reg[1]/C
  -------------------------------------------------------------------    -------------------
    SLICE_X52Y96         FDCE (Prop_fdce_C_Q)         0.419     5.647 r  core_inst/vga_timing/clk_div_reg[1]/Q
                         net (fo=2, routed)           0.434     6.080    core_inst/vga_timing/clk_div[1]
    SLICE_X52Y96         LUT2 (Prop_lut2_I1_O)        0.294     6.374 r  core_inst/vga_timing/clk_div[1]_i_1/O
                         net (fo=1, routed)           0.346     6.720    core_inst/vga_timing/clk_div[1]_i_1_n_0
    SLICE_X52Y96         FDCE                                         r  core_inst/vga_timing/clk_div_reg[1]/D
  -------------------------------------------------------------------    -------------------

                         (clock sys_clk_pin rise edge)
                                                     10.000    10.000 r  
    E3                                                0.000    10.000 r  CLK100MHZ (IN)
                         net (fo=0)                   0.000    10.000    CLK100MHZ
    E3                   IBUF (Prop_ibuf_I_O)         1.411    11.411 r  CLK100MHZ_IBUF_inst/O
                         net (fo=1, routed)           1.920    13.331    CLK100MHZ_IBUF
    BUFGCTRL_X0Y16       BUFG (Prop_bufg_I_O)         0.091    13.422 r  CLK100MHZ_IBUF_BUFG_inst/O
                         net (fo=1202, routed)        1.504    14.927    core_inst/vga_timing/CLK
    SLICE_X52Y96         FDCE                                         r  core_inst/vga_timing/clk_div_reg[1]/C
                         clock pessimism              0.301    15.228    
                         clock uncertainty           -0.035    15.192    
    SLICE_X52Y96         FDCE (Setup_fdce_C_D)       -0.255    14.937    core_inst/vga_timing/clk_div_reg[1]
  -------------------------------------------------------------------
                         required time                         14.937    
                         arrival time                          -6.720    
  -------------------------------------------------------------------
                         slack                                  8.217    

Slack (MET) :             8.367ns  (required time - arrival time)
  Source:                 core_inst/vga_timing/clk_div_reg[0]/C
                            (rising edge-triggered cell FDCE clocked by sys_clk_pin  {rise@0.000ns fall@5.000ns period=10.000ns})
  Destination:            core_inst/vga_timing/clk_div_reg[0]/D
                            (rising edge-triggered cell FDCE clocked by sys_clk_pin  {rise@0.000ns fall@5.000ns period=10.000ns})
  Path Group:             sys_clk_pin
  Path Type:              Setup (Max at Slow Process Corner)
  Requirement:            10.000ns  (sys_clk_pin rise@10.000ns - sys_clk_pin rise@0.000ns)
  Data Path Delay:        1.626ns  (logic 0.580ns (35.666%)  route 1.046ns (64.334%))
  Logic Levels:           1  (LUT1=1)
  Clock Path Skew:        0.000ns (DCD - SCD + CPR)
    Destination Clock Delay (DCD):    4.927ns = ( 14.927 - 10.000 ) 
    Source Clock Delay      (SCD):    5.228ns
    Clock Pessimism Removal (CPR):    0.301ns
  Clock Uncertainty:      0.035ns  ((TSJ^2 + TIJ^2)^1/2 + DJ) / 2 + PE
    Total System Jitter     (TSJ):    0.071ns
    Total Input Jitter      (TIJ):    0.000ns
    Discrete Jitter          (DJ):    0.000ns
    Phase Error              (PE):    0.000ns

    Location             Delay type                Incr(ns)  Path(ns)    Netlist Resource(s)
  -------------------------------------------------------------------    -------------------
                         (clock sys_clk_pin rise edge)
                                                      0.000     0.000 r  
    E3                                                0.000     0.000 r  CLK100MHZ (IN)
                         net (fo=0)                   0.000     0.000    CLK100MHZ
    E3                   IBUF (Prop_ibuf_I_O)         1.482     1.482 r  CLK100MHZ_IBUF_inst/O
                         net (fo=1, routed)           2.025     3.506    CLK100MHZ_IBUF
    BUFGCTRL_X0Y16       BUFG (Prop_bufg_I_O)         0.096     3.602 r  CLK100MHZ_IBUF_BUFG_inst/O
                         net (fo=1202, routed)        1.625     5.228    core_inst/vga_timing/CLK
    SLICE_X52Y96         FDCE                                         r  core_inst/vga_timing/clk_div_reg[0]/C
  -------------------------------------------------------------------    -------------------
    SLICE_X52Y96         FDCE (Prop_fdce_C_Q)         0.456     5.684 f  core_inst/vga_timing/clk_div_reg[0]/Q
                         net (fo=3, routed)           1.046     6.730    core_inst/vga_timing/clk_div[0]
    SLICE_X52Y96         LUT1 (Prop_lut1_I0_O)        0.124     6.854 r  core_inst/vga_timing/clk_div[0]_i_1/O
                         net (fo=1, routed)           0.000     6.854    core_inst/vga_timing/clk_div[0]_i_1_n_0
    SLICE_X52Y96         FDCE                                         r  core_inst/vga_timing/clk_div_reg[0]/D
  -------------------------------------------------------------------    -------------------

                         (clock sys_clk_pin rise edge)
                                                     10.000    10.000 r  
    E3                                                0.000    10.000 r  CLK100MHZ (IN)
                         net (fo=0)                   0.000    10.000    CLK100MHZ
    E3                   IBUF (Prop_ibuf_I_O)         1.411    11.411 r  CLK100MHZ_IBUF_inst/O
                         net (fo=1, routed)           1.920    13.331    CLK100MHZ_IBUF
    BUFGCTRL_X0Y16       BUFG (Prop_bufg_I_O)         0.091    13.422 r  CLK100MHZ_IBUF_BUFG_inst/O
                         net (fo=1202, routed)        1.504    14.927    core_inst/vga_timing/CLK
    SLICE_X52Y96         FDCE                                         r  core_inst/vga_timing/clk_div_reg[0]/C
                         clock pessimism              0.301    15.228    
                         clock uncertainty           -0.035    15.192    
    SLICE_X52Y96         FDCE (Setup_fdce_C_D)        0.029    15.221    core_inst/vga_timing/clk_div_reg[0]
  -------------------------------------------------------------------
                         required time                         15.221    
                         arrival time                          -6.854    
  -------------------------------------------------------------------
                         slack                                  8.367    





Min Delay Paths
--------------------------------------------------------------------------------------
Slack (MET) :             0.476ns  (arrival time - required time)
  Source:                 core_inst/vga_timing/clk_div_reg[0]/C
                            (rising edge-triggered cell FDCE clocked by sys_clk_pin  {rise@0.000ns fall@5.000ns period=10.000ns})
  Destination:            core_inst/vga_timing/clk_div_reg[1]/D
                            (rising edge-triggered cell FDCE clocked by sys_clk_pin  {rise@0.000ns fall@5.000ns period=10.000ns})
  Path Group:             sys_clk_pin
  Path Type:              Hold (Min at Fast Process Corner)
  Requirement:            0.000ns  (sys_clk_pin rise@0.000ns - sys_clk_pin rise@0.000ns)
  Data Path Delay:        0.484ns  (logic 0.184ns (38.018%)  route 0.300ns (61.982%))
  Logic Levels:           1  (LUT2=1)
  Clock Path Skew:        0.000ns (DCD - SCD - CPR)
    Destination Clock Delay (DCD):    1.999ns
    Source Clock Delay      (SCD):    1.483ns
    Clock Pessimism Removal (CPR):    0.515ns

    Location             Delay type                Incr(ns)  Path(ns)    Netlist Resource(s)
  -------------------------------------------------------------------    -------------------
                         (clock sys_clk_pin rise edge)
                                                      0.000     0.000 r  
    E3                                                0.000     0.000 r  CLK100MHZ (IN)
                         net (fo=0)                   0.000     0.000    CLK100MHZ
    E3                   IBUF (Prop_ibuf_I_O)         0.250     0.250 r  CLK100MHZ_IBUF_inst/O
                         net (fo=1, routed)           0.644     0.894    CLK100MHZ_IBUF
    BUFGCTRL_X0Y16       BUFG (Prop_bufg_I_O)         0.026     0.920 r  CLK100MHZ_IBUF_BUFG_inst/O
                         net (fo=1202, routed)        0.564     1.483    core_inst/vga_timing/CLK
    SLICE_X52Y96         FDCE                                         r  core_inst/vga_timing/clk_div_reg[0]/C
  -------------------------------------------------------------------    -------------------
    SLICE_X52Y96         FDCE (Prop_fdce_C_Q)         0.141     1.624 r  core_inst/vga_timing/clk_div_reg[0]/Q
                         net (fo=3, routed)           0.174     1.798    core_inst/vga_timing/clk_div[0]
    SLICE_X52Y96         LUT2 (Prop_lut2_I0_O)        0.043     1.841 r  core_inst/vga_timing/clk_div[1]_i_1/O
                         net (fo=1, routed)           0.126     1.967    core_inst/vga_timing/clk_div[1]_i_1_n_0
    SLICE_X52Y96         FDCE                                         r  core_inst/vga_timing/clk_div_reg[1]/D
  -------------------------------------------------------------------    -------------------

                         (clock sys_clk_pin rise edge)
                                                      0.000     0.000 r  
    E3                                                0.000     0.000 r  CLK100MHZ (IN)
                         net (fo=0)                   0.000     0.000    CLK100MHZ
    E3                   IBUF (Prop_ibuf_I_O)         0.438     0.438 r  CLK100MHZ_IBUF_inst/O
                         net (fo=1, routed)           0.699     1.136    CLK100MHZ_IBUF
    BUFGCTRL_X0Y16       BUFG (Prop_bufg_I_O)         0.029     1.165 r  CLK100MHZ_IBUF_BUFG_inst/O
                         net (fo=1202, routed)        0.834     1.999    core_inst/vga_timing/CLK
    SLICE_X52Y96         FDCE                                         r  core_inst/vga_timing/clk_div_reg[1]/C
                         clock pessimism             -0.515     1.483    
    SLICE_X52Y96         FDCE (Hold_fdce_C_D)         0.008     1.491    core_inst/vga_timing/clk_div_reg[1]
  -------------------------------------------------------------------
                         required time                         -1.491    
                         arrival time                           1.967    
  -------------------------------------------------------------------
                         slack                                  0.476    

Slack (MET) :             0.476ns  (arrival time - required time)
  Source:                 core_inst/vga_timing/clk_div_reg[0]/C
                            (rising edge-triggered cell FDCE clocked by sys_clk_pin  {rise@0.000ns fall@5.000ns period=10.000ns})
  Destination:            core_inst/vga_timing/clk_div_reg[0]/D
                            (rising edge-triggered cell FDCE clocked by sys_clk_pin  {rise@0.000ns fall@5.000ns period=10.000ns})
  Path Group:             sys_clk_pin
  Path Type:              Hold (Min at Fast Process Corner)
  Requirement:            0.000ns  (sys_clk_pin rise@0.000ns - sys_clk_pin rise@0.000ns)
  Data Path Delay:        0.567ns  (logic 0.186ns (32.794%)  route 0.381ns (67.206%))
  Logic Levels:           1  (LUT1=1)
  Clock Path Skew:        0.000ns (DCD - SCD - CPR)
    Destination Clock Delay (DCD):    1.999ns
    Source Clock Delay      (SCD):    1.483ns
    Clock Pessimism Removal (CPR):    0.515ns

    Location             Delay type                Incr(ns)  Path(ns)    Netlist Resource(s)
  -------------------------------------------------------------------    -------------------
                         (clock sys_clk_pin rise edge)
                                                      0.000     0.000 r  
    E3                                                0.000     0.000 r  CLK100MHZ (IN)
                         net (fo=0)                   0.000     0.000    CLK100MHZ
    E3                   IBUF (Prop_ibuf_I_O)         0.250     0.250 r  CLK100MHZ_IBUF_inst/O
                         net (fo=1, routed)           0.644     0.894    CLK100MHZ_IBUF
    BUFGCTRL_X0Y16       BUFG (Prop_bufg_I_O)         0.026     0.920 r  CLK100MHZ_IBUF_BUFG_inst/O
                         net (fo=1202, routed)        0.564     1.483    core_inst/vga_timing/CLK
    SLICE_X52Y96         FDCE                                         r  core_inst/vga_timing/clk_div_reg[0]/C
  -------------------------------------------------------------------    -------------------
    SLICE_X52Y96         FDCE (Prop_fdce_C_Q)         0.141     1.624 f  core_inst/vga_timing/clk_div_reg[0]/Q
                         net (fo=3, routed)           0.381     2.006    core_inst/vga_timing/clk_div[0]
    SLICE_X52Y96         LUT1 (Prop_lut1_I0_O)        0.045     2.051 r  core_inst/vga_timing/clk_div[0]_i_1/O
                         net (fo=1, routed)           0.000     2.051    core_inst/vga_timing/clk_div[0]_i_1_n_0
    SLICE_X52Y96         FDCE                                         r  core_inst/vga_timing/clk_div_reg[0]/D
  -------------------------------------------------------------------    -------------------

                         (clock sys_clk_pin rise edge)
                                                      0.000     0.000 r  
    E3                                                0.000     0.000 r  CLK100MHZ (IN)
                         net (fo=0)                   0.000     0.000    CLK100MHZ
    E3                   IBUF (Prop_ibuf_I_O)         0.438     0.438 r  CLK100MHZ_IBUF_inst/O
                         net (fo=1, routed)           0.699     1.136    CLK100MHZ_IBUF
    BUFGCTRL_X0Y16       BUFG (Prop_bufg_I_O)         0.029     1.165 r  CLK100MHZ_IBUF_BUFG_inst/O
                         net (fo=1202, routed)        0.834     1.999    core_inst/vga_timing/CLK
    SLICE_X52Y96         FDCE                                         r  core_inst/vga_timing/clk_div_reg[0]/C
                         clock pessimism             -0.515     1.483    
    SLICE_X52Y96         FDCE (Hold_fdce_C_D)         0.091     1.574    core_inst/vga_timing/clk_div_reg[0]
  -------------------------------------------------------------------
                         required time                         -1.574    
                         arrival time                           2.051    
  -------------------------------------------------------------------
                         slack                                  0.476    





Pulse Width Checks
--------------------------------------------------------------------------------------
Clock Name:         sys_clk_pin
Waveform(ns):       { 0.000 5.000 }
Period(ns):         10.000
Sources:            { CLK100MHZ }

Check Type        Corner  Lib Pin      Reference Pin  Required(ns)  Actual(ns)  Slack(ns)  Location        Pin
Min Period        n/a     BUFG/I       n/a            2.155         10.000      7.845      BUFGCTRL_X0Y16  CLK100MHZ_IBUF_BUFG_inst/I
Min Period        n/a     FDCE/C       n/a            1.000         10.000      9.000      SLICE_X52Y96    core_inst/vga_timing/clk_div_reg[0]/C
Min Period        n/a     FDCE/C       n/a            1.000         10.000      9.000      SLICE_X52Y96    core_inst/vga_timing/clk_div_reg[1]/C
Low Pulse Width   Slow    RAMD64E/CLK  n/a            1.250         5.000       3.750      SLICE_X38Y106   core_inst/video_mem/ram_reg_15808_15871_0_2/RAMD/CLK
Low Pulse Width   Slow    RAMD64E/CLK  n/a            1.250         5.000       3.750      SLICE_X34Y107   core_inst/video_mem/ram_reg_8896_8959_0_2/RAMB/CLK
Low Pulse Width   Slow    RAMD64E/CLK  n/a            1.250         5.000       3.750      SLICE_X34Y107   core_inst/video_mem/ram_reg_8896_8959_0_2/RAMC/CLK
Low Pulse Width   Slow    RAMD64E/CLK  n/a            1.250         5.000       3.750      SLICE_X34Y107   core_inst/video_mem/ram_reg_8896_8959_0_2/RAMD/CLK
Low Pulse Width   Slow    RAMD64E/CLK  n/a            1.250         5.000       3.750      SLICE_X38Y105   core_inst/video_mem/ram_reg_16000_16063_0_2/RAMA/CLK
Low Pulse Width   Slow    RAMD64E/CLK  n/a            1.250         5.000       3.750      SLICE_X38Y105   core_inst/video_mem/ram_reg_16000_16063_0_2/RAMB/CLK
Low Pulse Width   Slow    RAMD64E/CLK  n/a            1.250         5.000       3.750      SLICE_X38Y105   core_inst/video_mem/ram_reg_16000_16063_0_2/RAMC/CLK
Low Pulse Width   Slow    RAMD64E/CLK  n/a            1.250         5.000       3.750      SLICE_X38Y105   core_inst/video_mem/ram_reg_16000_16063_0_2/RAMD/CLK
Low Pulse Width   Slow    RAMD64E/CLK  n/a            1.250         5.000       3.750      SLICE_X38Y104   core_inst/video_mem/ram_reg_16128_16191_0_2/RAMA/CLK
Low Pulse Width   Slow    RAMD64E/CLK  n/a            1.250         5.000       3.750      SLICE_X38Y104   core_inst/video_mem/ram_reg_16128_16191_0_2/RAMB/CLK
High Pulse Width  Slow    RAMD64E/CLK  n/a            1.250         5.000       3.750      SLICE_X50Y108   core_inst/video_mem/ram_reg_14528_14591_0_2/RAMB/CLK
High Pulse Width  Slow    RAMD64E/CLK  n/a            1.250         5.000       3.750      SLICE_X50Y108   core_inst/video_mem/ram_reg_14528_14591_0_2/RAMC/CLK
High Pulse Width  Slow    RAMD64E/CLK  n/a            1.250         5.000       3.750      SLICE_X50Y108   core_inst/video_mem/ram_reg_14528_14591_0_2/RAMD/CLK
High Pulse Width  Slow    RAMD64E/CLK  n/a            1.250         5.000       3.750      SLICE_X62Y107   core_inst/video_mem/ram_reg_17152_17215_0_2/RAMA/CLK
High Pulse Width  Slow    RAMD64E/CLK  n/a            1.250         5.000       3.750      SLICE_X62Y107   core_inst/video_mem/ram_reg_17152_17215_0_2/RAMB/CLK
High Pulse Width  Slow    RAMD64E/CLK  n/a            1.250         5.000       3.750      SLICE_X62Y107   core_inst/video_mem/ram_reg_17152_17215_0_2/RAMC/CLK
High Pulse Width  Slow    RAMD64E/CLK  n/a            1.250         5.000       3.750      SLICE_X62Y107   core_inst/video_mem/ram_reg_17152_17215_0_2/RAMD/CLK
High Pulse Width  Slow    RAMD64E/CLK  n/a            1.250         5.000       3.750      SLICE_X62Y110   core_inst/video_mem/ram_reg_17216_17279_0_2/RAMA/CLK
High Pulse Width  Slow    RAMD64E/CLK  n/a            1.250         5.000       3.750      SLICE_X62Y110   core_inst/video_mem/ram_reg_17216_17279_0_2/RAMB/CLK
High Pulse Width  Slow    RAMD64E/CLK  n/a            1.250         5.000       3.750      SLICE_X56Y99    core_inst/video_mem/ram_reg_3840_3903_0_2/RAMA/CLK



